2025-04-06 19:35:37 info: Connected to MongoDB
2025-04-06 19:35:37 info: Server is running on port 3000
2025-04-08 21:26:22 info: Connected to MongoDB
2025-04-08 21:26:22 info: Server is running on port 3000
2025-04-08 21:26:26 info: GET /favicon.ico
2025-04-09 21:52:41 info: Connected to MongoDB
2025-04-09 21:52:41 info: Server is running on port 3000
2025-04-10 07:59:56 error: Failed to connect to MongoDB Could not connect to any servers in your MongoDB Atlas cluster. One common reason is that you're trying to access the database from an IP that isn't whitelisted. Make sure your current IP address is on your Atlas cluster's IP whitelist: https://www.mongodb.com/docs/atlas/security-whitelist/
2025-04-10 08:01:15 error: Failed to connect to MongoDB Could not connect to any servers in your MongoDB Atlas cluster. One common reason is that you're trying to access the database from an IP that isn't whitelisted. Make sure your current IP address is on your Atlas cluster's IP whitelist: https://www.mongodb.com/docs/atlas/security-whitelist/
2025-04-10 08:02:27 info: Connected to MongoDB
2025-04-10 08:02:28 info: Server is running on port 3000
2025-04-10 08:03:22 info: Connected to MongoDB
2025-04-10 08:03:22 info: Server is running on port 3000
2025-04-10 08:03:26 info: Connected to MongoDB
2025-04-10 08:03:26 info: Server is running on port 3000
2025-04-10 08:03:42 info: Connected to MongoDB
2025-04-10 08:03:42 info: Server is running on port 3000
2025-04-10 08:04:01 info: Connected to MongoDB
2025-04-10 08:04:01 info: Server is running on port 3000
2025-04-10 08:05:26 info: POST /api/register
2025-04-10 08:05:26 warn: Erreur d'inscription: Champs manquants
2025-04-10 08:06:27 info: Connected to MongoDB
2025-04-10 08:06:27 info: Server is running on port 3000
2025-04-10 08:06:44 info: Connected to MongoDB
2025-04-10 08:06:44 info: Server is running on port 3000
2025-04-10 08:06:52 info: POST /api/register
2025-04-10 08:06:52 error: Erreur durant l'inscription User validation failed: firstname: Le prénom est obligatoire, lastname: Le nom est obligatoire
2025-04-10 08:07:27 info: Connected to MongoDB
2025-04-10 08:07:27 info: Server is running on port 3000
2025-04-10 08:07:53 info: Connected to MongoDB
2025-04-10 08:07:53 info: Server is running on port 3000
2025-04-10 08:07:57 info: POST /api/register
2025-04-10 08:07:58 error: Erreur durant l'inscription User validation failed: firstname: Le prénom est obligatoire, lastname: Le nom est obligatoire
2025-04-10 08:09:03 info: Connected to MongoDB
2025-04-10 08:09:03 info: Server is running on port 3000
2025-04-10 08:09:10 info: POST /api/register
2025-04-10 08:09:11 info: Utilisateur créer
2025-04-10 08:09:35 info: Connected to MongoDB
2025-04-10 08:09:35 info: Server is running on port 3000
2025-04-10 08:09:49 info: Connected to MongoDB
2025-04-10 08:09:49 info: Server is running on port 3000
2025-04-10 08:10:17 info: POST /api/register
2025-04-10 08:10:17 error: Erreur durant l'inscription User validation failed: password: Le mot de passe doit contenir au moins une lettre majuscule, une lettre minuscule, un chiffre et un caractère spécial
2025-04-10 08:10:40 info: POST /api/register
2025-04-10 08:10:41 error: Erreur durant l'inscription User validation failed: password: Le mot de passe doit contenir au moins une lettre majuscule, une lettre minuscule, un chiffre et un caractère spécial
2025-04-10 08:11:23 info: POST /api/register
2025-04-10 08:11:24 error: Erreur durant l'inscription User validation failed: password: Le mot de passe doit contenir au moins une lettre majuscule, une lettre minuscule, un chiffre et un caractère spécial
2025-04-10 08:12:46 info: Connected to MongoDB
2025-04-10 08:12:46 info: Server is running on port 3000
2025-04-10 08:12:50 info: POST /api/register
2025-04-10 08:12:51 info: Utilisateur créer
2025-04-10 08:13:05 info: Connected to MongoDB
2025-04-10 08:13:05 info: Server is running on port 3000
2025-04-10 08:34:30 error: Erreur durant l'inscription User validation failed: password: Le mot de passe doit contenir au moins une lettre majuscule, une lettre minuscule, un chiffre et un caractère spécial
2025-04-10 08:34:30 warn: Erreur d'inscription: Champs manquants
2025-04-10 08:34:31 error: Erreur durant l'inscription User validation failed: firstName: Le prénom ne peut contenir que des lettres, espaces, apostrophes ou tirets, password: Le mot de passe doit contenir au moins une lettre majuscule, une lettre minuscule, un chiffre et un caractère spécial
2025-04-10 08:34:31 error: Erreur durant l'inscription User validation failed: firstName: Le prénom ne peut contenir que des lettres, espaces, apostrophes ou tirets, password: Le mot de passe doit contenir au moins une lettre majuscule, une lettre minuscule, un chiffre et un caractère spécial
2025-04-10 08:38:09 info: Utilisateur créer
2025-04-10 08:38:09 warn: Erreur d'inscription: Champs manquants
2025-04-10 08:38:10 error: Erreur durant l'inscription User validation failed: firstName: Le prénom ne peut contenir que des lettres, espaces, apostrophes ou tirets
2025-04-10 08:38:10 error: Erreur durant l'inscription User validation failed: firstName: Le prénom ne peut contenir que des lettres, espaces, apostrophes ou tirets
2025-04-10 09:47:30 info: Connected to MongoDB
2025-04-10 09:47:31 info: Server is running on port 3000
2025-04-10 09:47:58 info: POST /api/register
2025-04-10 09:48:01 info: Utilisateur créer
2025-04-10 09:48:04 info: POST /api/register
2025-04-10 09:48:04 warn: Erreur d'inscription: adiglialexis@gmail.com existe déjà
2025-04-10 09:51:56 info: Utilisateur créer
2025-04-10 09:51:57 warn: Erreur d'inscription: Champs manquants
2025-04-10 09:51:57 error: Erreur durant l'inscription User validation failed: firstName: Le prénom ne peut contenir que des lettres, espaces, apostrophes ou tirets
2025-04-10 09:52:48 info: Utilisateur créer
2025-04-10 09:52:48 warn: Erreur d'inscription: Champs manquants
2025-04-10 09:52:49 error: Erreur durant l'inscription User validation failed: firstName: Le prénom ne peut contenir que des lettres, espaces, apostrophes ou tirets
2025-04-10 09:52:49 error: Erreur durant l'inscription User validation failed: firstName: Le prénom ne peut contenir que des lettres, espaces, apostrophes ou tirets
2025-04-10 09:53:45 info: Utilisateur créer
2025-04-10 09:53:45 warn: Erreur d'inscription: Champs manquants
2025-04-10 09:53:46 error: Erreur durant l'inscription User validation failed: firstName: Le prénom ne peut contenir que des lettres, espaces, apostrophes ou tirets
2025-04-10 09:53:46 error: Erreur durant l'inscription User validation failed: firstName: Le prénom ne peut contenir que des lettres, espaces, apostrophes ou tirets
2025-04-10 09:54:21 info: Utilisateur créer
2025-04-10 09:54:21 warn: Erreur d'inscription: Champs manquants
2025-04-10 09:54:22 error: Erreur durant l'inscription User validation failed: firstName: Le prénom ne peut contenir que des lettres, espaces, apostrophes ou tirets
2025-04-10 09:54:22 error: Erreur durant l'inscription User validation failed: firstName: Le prénom ne peut contenir que des lettres, espaces, apostrophes ou tirets
2025-04-10 09:56:40 info: Utilisateur créer
2025-04-10 09:56:41 warn: Erreur d'inscription: Champs manquants
2025-04-10 09:56:41 info: Utilisateur créer
2025-04-10 09:56:42 warn: Erreur d'inscription: testuser1@gmail.com existe déjà
2025-04-10 09:57:13 info: Utilisateur créer
2025-04-10 09:57:13 warn: Erreur d'inscription: Champs manquants
2025-04-10 09:57:14 info: Utilisateur créer
2025-04-10 09:57:14 warn: Erreur d'inscription: testuser1@gmail.com existe déjà
2025-04-10 09:59:30 info: Utilisateur créer
2025-04-10 09:59:30 warn: Erreur d'inscription: Champs manquants
2025-04-10 09:59:31 info: Utilisateur créer
2025-04-10 09:59:31 warn: Erreur d'inscription: testuser1@gmail.com existe déjà
2025-04-18 16:37:44 info: Connected to MongoDB
2025-04-18 16:37:44 info: Server is running on port 3000
2025-04-18 16:37:56 info: Connected to MongoDB
2025-04-18 16:37:56 info: Server is running on port 3000
2025-04-18 16:38:56 info: Connected to MongoDB
2025-04-18 16:38:56 info: Server is running on port 3000
2025-04-18 16:39:36 info: Connected to MongoDB
2025-04-18 16:39:36 info: Server is running on port 3000
2025-04-18 17:17:59 info: Connected to MongoDB
2025-04-18 17:17:59 info: Server is running on port 3000
2025-04-18 17:18:08 info: POST /api/register
2025-04-18 17:18:08 info: Utilisateur créer
2025-04-18 17:47:49 info: POST /api/register
2025-04-18 17:47:50 info: Utilisateur créer
2025-04-18 18:43:55 info: POST /api/register
2025-04-18 18:43:56 info: Utilisateur créer
2025-04-18 19:39:09 info: POST /api/register
2025-04-18 19:39:09 info: Utilisateur créer
2025-04-18 19:41:33 info: POST /api/register
2025-04-18 19:41:33 error: Erreur durant l'inscription User validation failed: firstName: Le prénom ne peut contenir que des lettres, espaces, apostrophes ou tirets
2025-04-18 19:52:36 info: POST /api/register
2025-04-18 19:52:36 error: Erreur durant l'inscription User validation failed: firstName: Le prénom ne peut contenir que des lettres, espaces, apostrophes ou tirets
2025-04-18 19:54:07 info: Connected to MongoDB
2025-04-18 19:54:07 info: Server is running on port 3000
2025-04-18 19:54:57 info: POST /api/register
2025-04-18 19:54:58 info: Utilisateur créer
2025-04-18 22:16:11 info: Connected to MongoDB
2025-04-18 22:16:11 info: Server is running on port 3000
2025-04-18 22:19:14 info: Connected to MongoDB
2025-04-18 22:19:14 info: Server is running on port 3000
2025-04-19 08:35:29 info: Connected to MongoDB
2025-04-19 08:35:29 info: Server is running on port 3000
2025-04-21 12:56:30 info: Connected to MongoDB
2025-04-21 12:56:31 info: Server is running on port 3000
2025-04-21 12:57:24 info: Connected to MongoDB
2025-04-21 12:57:24 info: Server is running on port 3000
2025-04-21 13:06:02 info: Connected to MongoDB
2025-04-21 13:06:02 info: Server is running on port 3000
2025-04-21 13:09:09 info: POST /api/register
2025-04-21 13:09:10 info: Utilisateur créer
2025-04-21 13:12:42 info: Connected to MongoDB
2025-04-21 13:12:42 info: Server is running on port 3000
2025-04-21 20:24:52 info: Connected to MongoDB
2025-04-21 20:24:52 info: Server is running on port 3000
2025-04-21 20:32:05 info: POST /api/register
2025-04-21 20:32:06 info: Utilisateur créer
2025-04-21 20:32:44 info: POST /api/login
2025-04-21 20:32:45 info: Utilisateur connecté avec succès
2025-04-21 20:34:13 info: POST /api/login
2025-04-21 20:34:13 warn: Mot de passe erroné
2025-04-21 20:35:37 info: POST /api/login
2025-04-21 20:35:37 warn: Email introuvable
2025-04-21 20:40:16 info: POST /api/register
2025-04-21 20:40:16 info: Utilisateur créer
2025-04-21 20:41:14 info: POST /api/login
2025-04-21 20:41:15 info: Utilisateur connecté avec succès
2025-04-27 13:24:15 info: Connected to MongoDB
2025-04-27 13:24:15 info: Server is running on port 3000
2025-04-27 13:24:22 info: GET /
2025-04-27 13:24:22 info: GET /favicon.ico
2025-04-27 13:24:24 info: GET /auth/google
2025-04-27 13:29:55 info: Connected to MongoDB
2025-04-27 13:29:55 info: Server is running on port 3000
2025-04-27 13:31:20 info: Connected to MongoDB
2025-04-27 13:31:20 info: Server is running on port 3000
2025-04-27 13:31:29 info: Connected to MongoDB
2025-04-27 13:31:29 info: Server is running on port 3000
2025-04-27 13:31:49 info: Connected to MongoDB
2025-04-27 13:31:49 info: Server is running on port 3000
2025-04-27 13:31:54 info: Connected to MongoDB
2025-04-27 13:31:54 info: Server is running on port 3000
2025-04-27 13:31:56 info: GET /
2025-04-27 13:31:58 info: GET /auth/google
2025-04-27 13:32:08 info: GET /auth/google/callback?code=4%2F0Ab_5qlnNmO3UKb5eWbSMcqdM-BztMvNcJ5_ZVzPUNh38KmjaKwgRMF4ah6sAQbjws699hw&scope=email+profile+https%3A%2F%2Fwww.googleapis.com%2Fauth%2Fuserinfo.profile+https%3A%2F%2Fwww.googleapis.com%2Fauth%2Fuserinfo.email+openid&authuser=0&prompt=consent
2025-04-27 13:32:09 info: GET /
2025-04-27 13:34:46 info: Connected to MongoDB
2025-04-27 13:34:46 info: Server is running on port 3000
2025-04-27 13:34:54 info: GET /
2025-04-27 13:34:55 info: GET /auth/google
2025-04-27 13:35:05 info: GET /auth/google/callback?code=4%2F0Ab_5qlmiwDX6jre9TVLGnc-OjhBnB44v5ncIHWZzskTSDzFiqiGNmg1c0v02Yd1DCepHtA&scope=email+profile+https%3A%2F%2Fwww.googleapis.com%2Fauth%2Fuserinfo.profile+https%3A%2F%2Fwww.googleapis.com%2Fauth%2Fuserinfo.email+openid&authuser=0&prompt=none
2025-04-27 13:35:17 info: GET /
2025-04-27 13:35:21 info: GET /auth/logout
2025-04-27 13:35:21 info: GET /
2025-04-27 13:38:41 info: Connected to MongoDB
2025-04-27 13:38:41 info: Server is running on port 3000
2025-04-27 13:39:10 info: Connected to MongoDB
2025-04-27 13:39:10 info: Server is running on port 3000
2025-04-27 13:42:56 info: Connected to MongoDB
2025-04-27 13:42:56 info: Server is running on port 3000
2025-04-27 13:43:53 info: Connected to MongoDB
2025-04-27 13:43:53 info: Server is running on port 3000
2025-04-27 13:43:55 info: GET /
2025-04-27 13:43:56 info: GET /
2025-04-27 13:43:58 info: GET /
2025-04-27 13:45:01 info: Connected to MongoDB
2025-04-27 13:45:01 info: Server is running on port 3000
2025-04-27 13:45:49 info: Connected to MongoDB
2025-04-27 13:45:49 info: Server is running on port 3000
2025-04-27 13:46:15 info: Connected to MongoDB
2025-04-27 13:46:15 info: Server is running on port 3000
2025-04-27 13:46:27 info: Connected to MongoDB
2025-04-27 13:46:27 info: Server is running on port 3000
2025-04-27 13:46:42 info: Connected to MongoDB
2025-04-27 13:46:42 info: Server is running on port 3000
2025-04-27 13:47:00 info: GET /
2025-04-27 13:47:01 info: GET /api/auth/google
2025-04-27 13:48:28 info: Connected to MongoDB
2025-04-27 13:48:28 info: Server is running on port 3000
2025-04-27 13:48:29 info: GET /
2025-04-27 13:48:31 info: GET /api/auth/google
2025-04-27 13:48:48 info: Connected to MongoDB
2025-04-27 13:48:48 info: Server is running on port 3000
2025-04-27 13:48:48 info: GET /
2025-04-27 13:48:50 info: GET /api/auth/google
2025-04-27 13:50:41 info: Connected to MongoDB
2025-04-27 13:50:41 info: Server is running on port 3000
2025-04-27 13:50:56 info: Connected to MongoDB
2025-04-27 13:50:56 info: Server is running on port 3000
2025-04-27 13:51:00 info: GET /
2025-04-27 13:51:03 info: GET /api/auth/google
2025-04-27 13:51:06 info: GET /api/auth/google
2025-04-27 13:51:11 info: GET /
2025-04-27 13:51:12 info: GET /api/auth/google
2025-04-27 13:51:17 info: GET /auth/google/callback?code=4%2F0Ab_5qlkTx4tPV_0FTIiN72NFFACjDuhEFDZJFtFbn-ZYi18Ki3QUkqqP6WRceHJIWrHJag&scope=email+profile+https%3A%2F%2Fwww.googleapis.com%2Fauth%2Fuserinfo.profile+openid+https%3A%2F%2Fwww.googleapis.com%2Fauth%2Fuserinfo.email&authuser=0&prompt=none
2025-04-27 13:51:19 info: GET /
2025-04-27 13:51:39 info: Connected to MongoDB
2025-04-27 13:51:39 info: Server is running on port 3000
2025-04-27 13:51:59 info: Connected to MongoDB
2025-04-27 13:51:59 info: Server is running on port 3000
2025-04-27 13:52:06 info: Connected to MongoDB
2025-04-27 13:52:06 info: Server is running on port 3000
2025-04-27 13:53:56 info: Connected to MongoDB
2025-04-27 13:53:56 info: Server is running on port 3000
2025-04-27 13:54:02 info: Connected to MongoDB
2025-04-27 13:54:02 info: Server is running on port 3000
2025-04-27 13:54:49 info: Connected to MongoDB
2025-04-27 13:54:49 info: Server is running on port 3000
2025-04-27 13:55:19 info: Connected to MongoDB
2025-04-27 13:55:19 info: Server is running on port 3000
2025-04-27 13:55:26 info: Connected to MongoDB
2025-04-27 13:55:26 info: Server is running on port 3000
2025-04-27 13:55:39 info: Connected to MongoDB
2025-04-27 13:55:39 info: Server is running on port 3000
2025-04-27 13:55:48 info: Connected to MongoDB
2025-04-27 13:55:48 info: Server is running on port 3000
2025-04-27 13:56:12 info: Connected to MongoDB
2025-04-27 13:56:12 info: Server is running on port 3000
2025-04-27 13:56:15 info: GET /
2025-04-27 13:56:16 info: GET /api/auth/google
2025-04-27 13:56:20 info: GET /auth/google/callback?code=4%2F0Ab_5qlnKyypAB0HkIwXZffbYUf9-lQkIVbEGjscNff_YTmRk19HnVNrqSBmlTJFm2QYLYA&scope=email+profile+https%3A%2F%2Fwww.googleapis.com%2Fauth%2Fuserinfo.profile+openid+https%3A%2F%2Fwww.googleapis.com%2Fauth%2Fuserinfo.email&authuser=0&prompt=none
2025-04-27 13:56:32 info: GET /
2025-04-27 13:56:37 info: GET /auth/logout
2025-04-27 13:56:37 info: GET /
2025-04-27 13:56:41 info: GET /api/auth/google
2025-04-27 13:56:43 info: GET /auth/google/callback?code=4%2F0Ab_5qlmsvKXrQJwAsvGR1ZBthXjY45feFl2ROGjWahTuStKMaI6cB4goVqGVhk0b8bfe4g&scope=email+profile+https%3A%2F%2Fwww.googleapis.com%2Fauth%2Fuserinfo.email+https%3A%2F%2Fwww.googleapis.com%2Fauth%2Fuserinfo.profile+openid&authuser=0&prompt=none
2025-04-27 13:56:44 info: GET /
2025-04-27 13:56:48 info: GET /
2025-04-27 13:56:53 info: GET /auth/logout
2025-04-27 13:56:53 info: GET /
2025-04-27 13:56:55 info: GET /auth/logout
2025-04-27 13:56:55 info: GET /
2025-04-27 13:56:57 info: GET /
2025-04-27 13:58:14 info: Connected to MongoDB
2025-04-27 13:58:14 info: Server is running on port 3000
2025-04-27 14:00:05 info: Connected to MongoDB
2025-04-27 14:00:05 info: Server is running on port 3000
2025-04-27 14:01:17 info: Connected to MongoDB
2025-04-27 14:01:17 info: Server is running on port 3000
2025-04-27 14:02:24 info: Connected to MongoDB
2025-04-27 14:02:24 info: Server is running on port 3000
2025-04-27 14:03:54 info: Connected to MongoDB
2025-04-27 14:03:54 info: Server is running on port 3000
2025-04-27 14:04:01 info: Connected to MongoDB
2025-04-27 14:04:01 info: Server is running on port 3000
2025-04-27 14:04:13 info: GET /
2025-04-27 14:04:14 info: GET /api/auth/google
2025-04-27 14:04:24 info: GET /auth/google/callback?code=4%2F0Ab_5qlnySh6A4_M2okOVaoAaPPtYFAjoxJVUhYSjiCduI_jGKHwbYGyIBux39wX318SmXw&scope=email+profile+openid+https%3A%2F%2Fwww.googleapis.com%2Fauth%2Fuserinfo.email+https%3A%2F%2Fwww.googleapis.com%2Fauth%2Fuserinfo.profile&authuser=0&prompt=none
2025-04-27 14:04:26 info: GET /
2025-04-27 14:05:44 info: Connected to MongoDB
2025-04-27 14:05:44 info: Server is running on port 3000
2025-04-27 14:05:49 info: GET /api/auth/google
2025-04-27 14:05:53 info: GET /
2025-04-27 14:05:55 info: GET /api/auth/google
2025-04-27 14:05:58 info: GET /auth/google/callback?code=4%2F0Ab_5qlm2CE-mkS2j-uXvYlT7Lzl-E68H5IbCAhvKe7PQLizbrj_1nMKeDAR5-QwK2j7yNw&scope=email+profile+https%3A%2F%2Fwww.googleapis.com%2Fauth%2Fuserinfo.email+https%3A%2F%2Fwww.googleapis.com%2Fauth%2Fuserinfo.profile+openid&authuser=0&prompt=none
2025-04-27 14:05:59 info: GET /
2025-04-27 14:07:13 info: Connected to MongoDB
2025-04-27 14:07:13 info: Server is running on port 3000
2025-04-27 14:07:26 info: GET /
2025-04-27 14:07:31 info: GET /api/auth/google
2025-04-27 14:07:37 info: GET /auth/google/callback?code=4%2F0Ab_5qlmHhRD_LDM1PGOmC0tdICkD312xc_sFNgFugxdlmfbBSuMQsksD4wBCqU85jCp9fg&scope=email+profile+https%3A%2F%2Fwww.googleapis.com%2Fauth%2Fuserinfo.email+https%3A%2F%2Fwww.googleapis.com%2Fauth%2Fuserinfo.profile+openid&authuser=0&prompt=none
2025-04-27 14:07:39 info: GET /
2025-04-27 14:07:48 info: GET /
2025-04-27 14:07:51 info: GET /auth/logout
2025-04-27 14:07:51 info: GET /
2025-04-27 14:07:53 info: GET /
2025-04-27 14:08:12 info: GET /api/auth/google
2025-04-27 14:32:17 info: Connected to MongoDB
2025-04-27 14:32:17 info: Server is running on port 3000
2025-04-30 15:41:59 info: Connected to MongoDB
2025-04-30 15:41:59 info: Server is running on port 3000
2025-04-30 15:43:37 info: POST /api/register
2025-04-30 15:43:38 error: Erreur durant l'inscription User validation failed: password: Le mot de passe doit contenir au moins une lettre majuscule, une lettre minuscule, un chiffre et un caractère spécial
2025-04-30 15:43:54 info: POST /api/register
2025-04-30 15:43:54 info: Utilisateur créer
